2025-01-25 14:59:43.779 | INFO     | utils.utils_logger:<module>:38 - Logging to file: logs\project_log.log
2025-01-25 14:59:43.782 | INFO     | __main__:main:103 - START producer.
2025-01-25 14:59:43.782 | INFO     | utils.utils_producer:get_zookeeper_address:57 - Zookeeper address: localhost:2181
2025-01-25 14:59:43.793 | INFO     | utils.utils_producer:check_zookeeper_service_is_ready:79 - Zookeeper is ready at localhost:2181.
2025-01-25 14:59:43.794 | INFO     | utils.utils_producer:get_kafka_broker_address:50 - Kafka broker address: localhost:9092
2025-01-25 14:59:46.038 | ERROR    | utils.utils_producer:check_kafka_service_is_ready:102 - Error checking Kafka: NodeNotReadyError
2025-01-25 14:59:46.040 | ERROR    | utils.utils_producer:verify_services:121 - Kafka broker is not ready. Please check your Kafka setup. Exiting...
2025-01-25 15:00:22.675 | INFO     | utils.utils_logger:<module>:38 - Logging to file: logs\project_log.log
2025-01-25 15:00:22.679 | INFO     | __main__:main:78 - START consumer.
2025-01-25 15:00:22.679 | INFO     | __main__:get_kafka_topic:35 - Kafka topic: buzzline
2025-01-25 15:00:22.679 | INFO     | __main__:get_kafka_consumer_group_id:42 - Kafka consumer group id: default_group
2025-01-25 15:00:22.680 | INFO     | __main__:main:83 - Consumer: Topic 'buzzline' and group 'default_group'...
2025-01-25 15:00:22.680 | INFO     | utils.utils_producer:get_kafka_broker_address:50 - Kafka broker address: localhost:9092
2025-01-25 15:00:22.680 | INFO     | utils.utils_consumer:create_kafka_consumer:44 - Creating Kafka consumer. Topic='buzzline' and group ID='default_group'.
2025-01-25 15:00:22.798 | INFO     | utils.utils_consumer:create_kafka_consumer:57 - Kafka consumer created successfully.
2025-01-25 15:00:22.798 | INFO     | __main__:main:89 - Polling messages from topic 'buzzline'...
2025-01-25 15:41:01.987 | INFO     | utils.utils_logger:<module>:38 - Logging to file: logs\project_log.log
2025-01-25 15:41:01.992 | INFO     | __main__:main:103 - START producer.
2025-01-25 15:41:01.992 | INFO     | utils.utils_producer:get_zookeeper_address:57 - Zookeeper address: localhost:2181
2025-01-25 15:41:02.010 | INFO     | utils.utils_producer:check_zookeeper_service_is_ready:79 - Zookeeper is ready at localhost:2181.
2025-01-25 15:41:02.010 | INFO     | utils.utils_producer:get_kafka_broker_address:50 - Kafka broker address: localhost:9092
2025-01-25 15:41:04.290 | ERROR    | utils.utils_producer:check_kafka_service_is_ready:102 - Error checking Kafka: NodeNotReadyError
2025-01-25 15:41:04.292 | ERROR    | utils.utils_producer:verify_services:121 - Kafka broker is not ready. Please check your Kafka setup. Exiting...
2025-01-25 15:48:24.256 | INFO     | utils.utils_logger:<module>:38 - Logging to file: logs\project_log.log
2025-01-25 15:48:24.259 | INFO     | __main__:main:103 - START producer.
2025-01-25 15:48:24.260 | INFO     | utils.utils_producer:get_zookeeper_address:57 - Zookeeper address: localhost:2181
2025-01-25 15:48:24.273 | INFO     | utils.utils_producer:check_zookeeper_service_is_ready:79 - Zookeeper is ready at localhost:2181.
2025-01-25 15:48:24.274 | INFO     | utils.utils_producer:get_kafka_broker_address:50 - Kafka broker address: localhost:9092
2025-01-25 15:48:26.521 | ERROR    | utils.utils_producer:check_kafka_service_is_ready:102 - Error checking Kafka: NodeNotReadyError
2025-01-25 15:48:26.523 | ERROR    | utils.utils_producer:verify_services:121 - Kafka broker is not ready. Please check your Kafka setup. Exiting...
2025-01-25 15:51:54.682 | INFO     | utils.utils_logger:<module>:38 - Logging to file: logs\project_log.log
2025-01-25 15:51:54.688 | INFO     | __main__:main:78 - START consumer.
2025-01-25 15:51:54.688 | INFO     | __main__:get_kafka_topic:35 - Kafka topic: buzzline
2025-01-25 15:51:54.688 | INFO     | __main__:get_kafka_consumer_group_id:42 - Kafka consumer group id: default_group
2025-01-25 15:51:54.689 | INFO     | __main__:main:83 - Consumer: Topic 'buzzline' and group 'default_group'...
2025-01-25 15:51:54.689 | INFO     | utils.utils_producer:get_kafka_broker_address:50 - Kafka broker address: localhost:9092
2025-01-25 15:51:54.689 | INFO     | utils.utils_consumer:create_kafka_consumer:44 - Creating Kafka consumer. Topic='buzzline' and group ID='default_group'.
2025-01-25 15:51:54.809 | INFO     | utils.utils_consumer:create_kafka_consumer:57 - Kafka consumer created successfully.
2025-01-25 15:51:54.810 | INFO     | __main__:main:89 - Polling messages from topic 'buzzline'...
